#
# There is insufficient memory for the Java Runtime Environment to continue.
# Native memory allocation (malloc) failed to allocate 1927216 bytes for Chunk::new
# Possible reasons:
#   The system is out of physical RAM or swap space
#   The process is running with CompressedOops enabled, and the Java Heap may be blocking the growth of the native heap
# Possible solutions:
#   Reduce memory load on the system
#   Increase physical memory or swap space
#   Check if swap backing store is full
#   Decrease Java heap size (-Xmx/-Xms)
#   Decrease number of Java threads
#   Decrease Java thread stack sizes (-Xss)
#   Set larger code cache with -XX:ReservedCodeCacheSize=
#   JVM is running with Unscaled Compressed Oops mode in which the Java heap is
#     placed in the first 4GB address space. The Java Heap base address is the
#     maximum limit for the native heap growth. Please use -XX:HeapBaseMinAddress
#     to set the Java Heap base and to place the Java Heap above 4GB virtual address.
# This output file may be truncated or incomplete.
#
#  Out of Memory Error (allocation.cpp:389), pid=17348, tid=0x000000000000270c
#
# JRE version: Java(TM) SE Runtime Environment (8.0_461) (build 1.8.0_461-b11)
# Java VM: Java HotSpot(TM) 64-Bit Server VM (25.461-b11 mixed mode windows-amd64 compressed oops)
# Failed to write core dump. Minidumps are not enabled by default on client versions of Windows
#

---------------  T H R E A D  ---------------

Current thread (0x00000200945c0000):  JavaThread "C2 CompilerThread1" daemon [_thread_in_native, id=9996, stack(0x000000346fa00000,0x000000346fb00000)]

Stack: [0x000000346fa00000,0x000000346fb00000]
Native frames: (J=compiled Java code, j=interpreted, Vv=VM code, C=native code)
V  [jvm.dll+0x34c1c9]


Current CompileTask:
C2:   1806 1884   !   4       java.net.URLClassLoader$1::run (81 bytes)


---------------  P R O C E S S  ---------------

Java Threads: ( => current thread )
  0x00000200945c3000 JavaThread "Cache worker for file hash cache (D:\GradleHome\caches\8.14.5\fileHashes)" [_thread_blocked, id=8836, stack(0x0000003470b00000,0x0000003470c00000)]
  0x00000200945c2800 JavaThread "File lock request listener" [_thread_in_native, id=15024, stack(0x0000003470a00000,0x0000003470b00000)]
  0x00000200945c7000 JavaThread "Cache worker for journal cache (D:\GradleHome\caches\journal-1)" [_thread_blocked, id=17616, stack(0x0000003470900000,0x0000003470a00000)]
  0x0000020096990800 JavaThread "Daemon client event forwarder" [_thread_blocked, id=3644, stack(0x0000003470800000,0x0000003470900000)]
  0x0000020096a51000 JavaThread "Stdin handler" [_thread_blocked, id=17376, stack(0x0000003470700000,0x0000003470800000)]
  0x00000200949db000 JavaThread "Asynchronous log dispatcher for DefaultDaemonConnection: socket connection from /127.0.0.1:3672 to /127.0.0.1:3673" [_thread_blocked, id=10172, stack(0x0000003470600000,0x0000003470700000)]
  0x00000200949da000 JavaThread "Daemon worker" [_thread_in_native, id=12944, stack(0x0000003470500000,0x0000003470600000)]
  0x0000020096a7a800 JavaThread "Cancel handler" [_thread_blocked, id=8344, stack(0x0000003470400000,0x0000003470500000)]
  0x00000200968da000 JavaThread "Handler for socket connection from /127.0.0.1:3672 to /127.0.0.1:3673" [_thread_in_native, id=5960, stack(0x0000003470300000,0x0000003470400000)]
  0x00000200968d9000 JavaThread "Daemon" [_thread_blocked, id=3212, stack(0x0000003470200000,0x0000003470300000)]
  0x00000200968d8000 JavaThread "Daemon periodic checks" [_thread_blocked, id=11672, stack(0x0000003470100000,0x0000003470200000)]
  0x0000020096953000 JavaThread "Incoming local TCP Connector on port 3672" [_thread_in_native, id=11576, stack(0x0000003470000000,0x0000003470100000)]
  0x0000020095326800 JavaThread "Daemon health stats" [_thread_blocked, id=9476, stack(0x000000346ff00000,0x0000003470000000)]
  0x0000020094661800 JavaThread "Service Thread" daemon [_thread_blocked, id=9912, stack(0x000000346fd00000,0x000000346fe00000)]
  0x00000200945c1800 JavaThread "C1 CompilerThread3" daemon [_thread_blocked, id=15996, stack(0x000000346fc00000,0x000000346fd00000)]
  0x00000200945c7800 JavaThread "C2 CompilerThread2" daemon [_thread_blocked, id=11184, stack(0x000000346fb00000,0x000000346fc00000)]
=>0x00000200945c0000 JavaThread "C2 CompilerThread1" daemon [_thread_in_native, id=9996, stack(0x000000346fa00000,0x000000346fb00000)]
  0x00000200945bc800 JavaThread "C2 CompilerThread0" daemon [_thread_in_native, id=17572, stack(0x000000346f900000,0x000000346fa00000)]
  0x0000020092805000 JavaThread "Attach Listener" daemon [_thread_blocked, id=5780, stack(0x000000346f800000,0x000000346f900000)]
  0x0000020092802800 JavaThread "Signal Dispatcher" daemon [_thread_blocked, id=17264, stack(0x000000346f700000,0x000000346f800000)]
  0x0000020092783800 JavaThread "Finalizer" daemon [_thread_blocked, id=10136, stack(0x000000346f600000,0x000000346f700000)]
  0x000002009275c000 JavaThread "Reference Handler" daemon [_thread_blocked, id=5368, stack(0x000000346f500000,0x000000346f600000)]
  0x0000020087d08000 JavaThread "main" [_thread_blocked, id=10968, stack(0x000000346eb00000,0x000000346ec00000)]

Other Threads:
  0x0000020092751800 VMThread [stack: 0x000000346f400000,0x000000346f500000] [id=8972]
  0x000002009467f800 WatcherThread [stack: 0x000000346fe00000,0x000000346ff00000] [id=16432]

VM state:not at safepoint (normal execution)

VM Mutex/Monitor currently owned by a thread: None

heap address: 0x00000000c0000000, size: 1024 MB, Compressed Oops mode: 32-bit
Narrow klass base: 0x0000000000000000, Narrow klass shift: 3
Compressed class space size: 394264576 Address: 0x0000000100000000

Heap:
 PSYoungGen      total 141824K, used 79896K [0x00000000eab00000, 0x00000000f4000000, 0x0000000100000000)
  eden space 131072K, 53% used [0x00000000eab00000,0x00000000eeee2a10,0x00000000f2b00000)
  from space 10752K, 96% used [0x00000000f3580000,0x00000000f3fa3880,0x00000000f4000000)
  to   space 10752K, 0% used [0x00000000f2b00000,0x00000000f2b00000,0x00000000f3580000)
 ParOldGen       total 175104K, used 40K [0x00000000c0000000, 0x00000000cab00000, 0x00000000eab00000)
  object space 175104K, 0% used [0x00000000c0000000,0x00000000c000a000,0x00000000cab00000)
 Metaspace       used 19222K, capacity 20144K, committed 20352K, reserved 403456K
  class space    used 2705K, capacity 2906K, committed 2944K, reserved 385024K

Card table byte_map: [0x000002008f790000,0x000002008f9a0000] byte_map_base: 0x000002008f190000

Marking Bits: (ParMarkBitMap*) 0x00007ffc22a9a3e0
 Begin Bits: [0x000002008fb00000, 0x0000020090b00000)
 End Bits:   [0x0000020090b00000, 0x0000020091b00000)

Polling page: 0x0000020087cb0000

CodeCache: size=98304Kb used=6802Kb max_used=6802Kb free=91501Kb
 bounds [0x0000020089610000, 0x0000020089cc0000, 0x000002008f610000]
 total_blobs=2371 nmethods=1916 adapters=367
 compilation: enabled

Compilation events (10 events):
Event: 1.789 Thread 0x00000200945c1800 1985       1       java.lang.invoke.InnerClassLambdaMetafactory::access$600 (5 bytes)
Event: 1.789 Thread 0x00000200945c1800 nmethod 1985 0x0000020089cb3fd0 code [0x0000020089cb4120, 0x0000020089cb4218]
Event: 1.789 Thread 0x00000200945c1800 1986       1       java.lang.invoke.InnerClassLambdaMetafactory::access$700 (5 bytes)
Event: 1.789 Thread 0x00000200945c1800 nmethod 1986 0x0000020089cb4290 code [0x0000020089cb43e0, 0x0000020089cb44d8]
Event: 1.789 Thread 0x00000200945c1800 1987       3       java.lang.invoke.ConstantCallSite::getTarget (20 bytes)
Event: 1.789 Thread 0x00000200945c1800 nmethod 1987 0x0000020089cb4550 code [0x0000020089cb46c0, 0x0000020089cb4930]
Event: 1.789 Thread 0x00000200945c1800 1988       1       java.util.concurrent.atomic.AtomicInteger::get (5 bytes)
Event: 1.789 Thread 0x00000200945c1800 nmethod 1988 0x0000020089cb4a10 code [0x0000020089cb4b60, 0x0000020089cb4c78]
Event: 1.792 Thread 0x00000200945c1800 1990       3       java.util.Collections$EmptyMap::entrySet (4 bytes)
Event: 1.792 Thread 0x00000200945c1800 nmethod 1990 0x0000020089cb4cd0 code [0x0000020089cb4e40, 0x0000020089cb4ff8]

GC Heap History (8 events):
Event: 0.510 GC heap before
{Heap before GC invocations=1 (full 0):
 PSYoungGen      total 76288K, used 65536K [0x00000000eab00000, 0x00000000f0000000, 0x0000000100000000)
  eden space 65536K, 100% used [0x00000000eab00000,0x00000000eeb00000,0x00000000eeb00000)
  from space 10752K, 0% used [0x00000000ef580000,0x00000000ef580000,0x00000000f0000000)
  to   space 10752K, 0% used [0x00000000eeb00000,0x00000000eeb00000,0x00000000ef580000)
 ParOldGen       total 175104K, used 0K [0x00000000c0000000, 0x00000000cab00000, 0x00000000eab00000)
  object space 175104K, 0% used [0x00000000c0000000,0x00000000c0000000,0x00000000cab00000)
 Metaspace       used 7520K, capacity 7840K, committed 8064K, reserved 393216K
  class space    used 978K, capacity 1097K, committed 1152K, reserved 385024K
Event: 0.514 GC heap after
Heap after GC invocations=1 (full 0):
 PSYoungGen      total 76288K, used 4731K [0x00000000eab00000, 0x00000000f0000000, 0x0000000100000000)
  eden space 65536K, 0% used [0x00000000eab00000,0x00000000eab00000,0x00000000eeb00000)
  from space 10752K, 44% used [0x00000000eeb00000,0x00000000eef9ee78,0x00000000ef580000)
  to   space 10752K, 0% used [0x00000000ef580000,0x00000000ef580000,0x00000000f0000000)
 ParOldGen       total 175104K, used 16K [0x00000000c0000000, 0x00000000cab00000, 0x00000000eab00000)
  object space 175104K, 0% used [0x00000000c0000000,0x00000000c0004000,0x00000000cab00000)
 Metaspace       used 7520K, capacity 7840K, committed 8064K, reserved 393216K
  class space    used 978K, capacity 1097K, committed 1152K, reserved 385024K
}
Event: 0.709 GC heap before
{Heap before GC invocations=2 (full 0):
 PSYoungGen      total 76288K, used 70267K [0x00000000eab00000, 0x00000000f0000000, 0x0000000100000000)
  eden space 65536K, 100% used [0x00000000eab00000,0x00000000eeb00000,0x00000000eeb00000)
  from space 10752K, 44% used [0x00000000eeb00000,0x00000000eef9ee78,0x00000000ef580000)
  to   space 10752K, 0% used [0x00000000ef580000,0x00000000ef580000,0x00000000f0000000)
 ParOldGen       total 175104K, used 16K [0x00000000c0000000, 0x00000000cab00000, 0x00000000eab00000)
  object space 175104K, 0% used [0x00000000c0000000,0x00000000c0004000,0x00000000cab00000)
 Metaspace       used 8257K, capacity 8556K, committed 8704K, reserved 393216K
  class space    used 1063K, capacity 1163K, committed 1280K, reserved 385024K
Event: 0.716 GC heap after
Heap after GC invocations=2 (full 0):
 PSYoungGen      total 76288K, used 6216K [0x00000000eab00000, 0x00000000f4000000, 0x0000000100000000)
  eden space 65536K, 0% used [0x00000000eab00000,0x00000000eab00000,0x00000000eeb00000)
  from space 10752K, 57% used [0x00000000ef580000,0x00000000efb92170,0x00000000f0000000)
  to   space 10752K, 0% used [0x00000000eeb00000,0x00000000eeb00000,0x00000000ef580000)
 ParOldGen       total 175104K, used 24K [0x00000000c0000000, 0x00000000cab00000, 0x00000000eab00000)
  object space 175104K, 0% used [0x00000000c0000000,0x00000000c0006000,0x00000000cab00000)
 Metaspace       used 8257K, capacity 8556K, committed 8704K, reserved 393216K
  class space    used 1063K, capacity 1163K, committed 1280K, reserved 385024K
}
Event: 0.946 GC heap before
{Heap before GC invocations=3 (full 0):
 PSYoungGen      total 76288K, used 71752K [0x00000000eab00000, 0x00000000f4000000, 0x0000000100000000)
  eden space 65536K, 100% used [0x00000000eab00000,0x00000000eeb00000,0x00000000eeb00000)
  from space 10752K, 57% used [0x00000000ef580000,0x00000000efb92170,0x00000000f0000000)
  to   space 10752K, 0% used [0x00000000eeb00000,0x00000000eeb00000,0x00000000ef580000)
 ParOldGen       total 175104K, used 24K [0x00000000c0000000, 0x00000000cab00000, 0x00000000eab00000)
  object space 175104K, 0% used [0x00000000c0000000,0x00000000c0006000,0x00000000cab00000)
 Metaspace       used 9849K, capacity 10204K, committed 10496K, reserved 395264K
  class space    used 1313K, capacity 1434K, committed 1536K, reserved 385024K
Event: 0.950 GC heap after
Heap after GC invocations=3 (full 0):
 PSYoungGen      total 76288K, used 7227K [0x00000000eab00000, 0x00000000f4000000, 0x0000000100000000)
  eden space 65536K, 0% used [0x00000000eab00000,0x00000000eab00000,0x00000000eeb00000)
  from space 10752K, 67% used [0x00000000eeb00000,0x00000000ef20ef80,0x00000000ef580000)
  to   space 10752K, 0% used [0x00000000f3580000,0x00000000f3580000,0x00000000f4000000)
 ParOldGen       total 175104K, used 32K [0x00000000c0000000, 0x00000000cab00000, 0x00000000eab00000)
  object space 175104K, 0% used [0x00000000c0000000,0x00000000c0008000,0x00000000cab00000)
 Metaspace       used 9849K, capacity 10204K, committed 10496K, reserved 395264K
  class space    used 1313K, capacity 1434K, committed 1536K, reserved 385024K
}
Event: 1.501 GC heap before
{Heap before GC invocations=4 (full 0):
 PSYoungGen      total 76288K, used 72763K [0x00000000eab00000, 0x00000000f4000000, 0x0000000100000000)
  eden space 65536K, 100% used [0x00000000eab00000,0x00000000eeb00000,0x00000000eeb00000)
  from space 10752K, 67% used [0x00000000eeb00000,0x00000000ef20ef80,0x00000000ef580000)
  to   space 10752K, 0% used [0x00000000f3580000,0x00000000f3580000,0x00000000f4000000)
 ParOldGen       total 175104K, used 32K [0x00000000c0000000, 0x00000000cab00000, 0x00000000eab00000)
  object space 175104K, 0% used [0x00000000c0000000,0x00000000c0008000,0x00000000cab00000)
 Metaspace       used 15609K, capacity 16126K, committed 16384K, reserved 399360K
  class space    used 2138K, capacity 2263K, committed 2304K, reserved 385024K
Event: 1.507 GC heap after
Heap after GC invocations=4 (full 0):
 PSYoungGen      total 141824K, used 10382K [0x00000000eab00000, 0x00000000f4000000, 0x0000000100000000)
  eden space 131072K, 0% used [0x00000000eab00000,0x00000000eab00000,0x00000000f2b00000)
  from space 10752K, 96% used [0x00000000f3580000,0x00000000f3fa3880,0x00000000f4000000)
  to   space 10752K, 0% used [0x00000000f2b00000,0x00000000f2b00000,0x00000000f3580000)
 ParOldGen       total 175104K, used 40K [0x00000000c0000000, 0x00000000cab00000, 0x00000000eab00000)
  object space 175104K, 0% used [0x00000000c0000000,0x00000000c000a000,0x00000000cab00000)
 Metaspace       used 15609K, capacity 16126K, committed 16384K, reserved 399360K
  class space    used 2138K, capacity 2263K, committed 2304K, reserved 385024K
}

Deoptimization events (10 events):
Event: 1.357 Thread 0x00000200968da000 Uncommon trap: reason=class_check action=maybe_recompile pc=0x0000020089826f20 method=java.util.regex.Matcher.match(II)Z @ 86
Event: 1.370 Thread 0x00000200968da000 Uncommon trap: reason=unstable_if action=reinterpret pc=0x0000020089b2db3c method=java.util.concurrent.ConcurrentHashMap.putVal(Ljava/lang/Object;Ljava/lang/Object;Z)Ljava/lang/Object; @ 206
Event: 1.380 Thread 0x00000200968da000 Uncommon trap: reason=unstable_if action=reinterpret pc=0x0000020089ace3c4 method=java.io.WinNTFileSystem.isLetter(C)Z @ 3
Event: 1.555 Thread 0x00000200949da000 Uncommon trap: reason=unstable_if action=reinterpret pc=0x0000020089bf0c7c method=jdk.internal.org.objectweb.asm.Type.getArgumentsAndReturnSizes(Ljava/lang/String;)I @ 88
Event: 1.671 Thread 0x00000200949da000 Uncommon trap: reason=class_check action=maybe_recompile pc=0x0000020089826f20 method=java.util.regex.Matcher.match(II)Z @ 86
Event: 1.687 Thread 0x00000200949da000 Uncommon trap: reason=class_check action=maybe_recompile pc=0x00000200897e2404 method=java.util.regex.Matcher.match(II)Z @ 86
Event: 1.714 Thread 0x00000200949da000 Uncommon trap: reason=array_check action=maybe_recompile pc=0x0000020089aa8ce8 method=java.util.AbstractCollection.toArray([Ljava/lang/Object;)[Ljava/lang/Object; @ 119
Event: 1.744 Thread 0x00000200949da000 Uncommon trap: reason=unstable_if action=reinterpret pc=0x00000200897de674 method=java.io.WinNTFileSystem.resolve(Ljava/lang/String;Ljava/lang/String;)Ljava/lang/String; @ 19
Event: 1.745 Thread 0x00000200949da000 Uncommon trap: reason=unstable_if action=reinterpret pc=0x000002008981c0c0 method=java.io.File.getName()Ljava/lang/String; @ 16
Event: 1.745 Thread 0x00000200949da000 Uncommon trap: reason=unstable_if action=reinterpret pc=0x00000200898129e0 method=java.lang.String.substring(I)Ljava/lang/String; @ 35

Classes redefined (0 events):
No events

Internal exceptions (10 events):
Event: 1.372 Thread 0x00000200968da000 Exception <a 'java/lang/NoSuchMethodError': <clinit>> (0x00000000ece91be0) thrown at [C:\jenkins\workspace\8-2-build-windows-x64-cygwin-sans-NAS\jdk8u461\2086\hotspot\src\share\vm\prims\jni.cpp, line 1622]
Event: 1.373 Thread 0x00000200968da000 Exception <a 'java/lang/NoSuchMethodError': <clinit>> (0x00000000eceb86e0) thrown at [C:\jenkins\workspace\8-2-build-windows-x64-cygwin-sans-NAS\jdk8u461\2086\hotspot\src\share\vm\prims\jni.cpp, line 1622]
Event: 1.374 Thread 0x00000200968da000 Exception <a 'java/lang/NoSuchMethodError': <clinit>> (0x00000000ecec1880) thrown at [C:\jenkins\workspace\8-2-build-windows-x64-cygwin-sans-NAS\jdk8u461\2086\hotspot\src\share\vm\prims\jni.cpp, line 1622]
Event: 1.375 Thread 0x00000200968da000 Exception <a 'java/lang/NoSuchMethodError': <clinit>> (0x00000000ecee2d60) thrown at [C:\jenkins\workspace\8-2-build-windows-x64-cygwin-sans-NAS\jdk8u461\2086\hotspot\src\share\vm\prims\jni.cpp, line 1622]
Event: 1.472 Thread 0x00000200949da000 Exception <a 'java/lang/NoSuchMethodError': java.lang.Object.lambda$static$0(Lorg/gradle/internal/state/ModelObject;)Ljava/lang/String;> (0x00000000ee3b8590) thrown at [C:\jenkins\workspace\8-2-build-windows-x64-cygwin-sans-NAS\jdk8u461\2086\hotspot\src\s
Event: 1.579 Thread 0x00000200949da000 Exception <a 'java/lang/NoSuchMethodError': java.lang.Object.lambda$identity$2(Ljava/lang/Object;)Ljava/lang/Object;> (0x00000000eb72bf88) thrown at [C:\jenkins\workspace\8-2-build-windows-x64-cygwin-sans-NAS\jdk8u461\2086\hotspot\src\share\vm\interpreter
Event: 1.763 Thread 0x00000200949da000 Exception <a 'java/lang/NoSuchMethodError': java.lang.Object.lambda$and$0(Ljava/util/function/Predicate;Ljava/lang/Object;)Z> (0x00000000ee1ff108) thrown at [C:\jenkins\workspace\8-2-build-windows-x64-cygwin-sans-NAS\jdk8u461\2086\hotspot\src\share\vm\int
Event: 1.764 Thread 0x00000200949da000 Exception <a 'java/lang/IncompatibleClassChangeError': Found class java.lang.Object, but interface was expected> (0x00000000ee20bb78) thrown at [C:\jenkins\workspace\8-2-build-windows-x64-cygwin-sans-NAS\jdk8u461\2086\hotspot\src\share\vm\interpreter\link
Event: 1.764 Thread 0x00000200949da000 Exception <a 'java/lang/NoSuchMethodError': java.lang.Object.lambda$or$2(Ljava/util/function/Predicate;Ljava/lang/Object;)Z> (0x00000000ee2139e8) thrown at [C:\jenkins\workspace\8-2-build-windows-x64-cygwin-sans-NAS\jdk8u461\2086\hotspot\src\share\vm\inte
Event: 1.790 Thread 0x00000200949da000 Exception <a 'java/lang/NoSuchMethodError': java.lang.Object.lambda$comparing$77a9974f$1(Ljava/util/function/Function;Ljava/lang/Object;Ljava/lang/Object;)I> (0x00000000ee829380) thrown at [C:\jenkins\workspace\8-2-build-windows-x64-cygwin-sans-NAS\jdk8u4

Events (10 events):
Event: 1.800 loading class org/gradle/api/internal/artifacts/ivyservice/resolveengine/result/CapabilitySerializer
Event: 1.800 loading class org/gradle/api/internal/artifacts/ivyservice/resolveengine/result/CapabilitySerializer done
Event: 1.800 loading class org/gradle/api/internal/artifacts/metadata/PublishArtifactLocalArtifactMetadataSerializer
Event: 1.800 loading class org/gradle/api/internal/artifacts/metadata/PublishArtifactLocalArtifactMetadataSerializer done
Event: 1.800 loading class org/gradle/api/artifacts/PublishArtifact
Event: 1.800 loading class org/gradle/api/artifacts/PublishArtifact done
Event: 1.800 loading class org/gradle/api/internal/artifacts/DependencyManagementValueSnapshotterSerializerRegistry$OpaqueComponentArtifactIdentifierSerializer
Event: 1.800 loading class org/gradle/api/internal/artifacts/DependencyManagementValueSnapshotterSerializerRegistry$OpaqueComponentArtifactIdentifierSerializer done
Event: 1.801 loading class org/gradle/api/internal/artifacts/metadata/ComponentArtifactIdentifierSerializer
Event: 1.801 loading class org/gradle/api/internal/artifacts/metadata/ComponentArtifactIdentifierSerializer done


Dynamic libraries:
0x00007ff6e1270000 - 0x00007ff6e12bf000 	C:\Program Files\Java\jre1.8.0_461\bin\java.exe
0x00007ffc8a510000 - 0x00007ffc8a6fe000 	C:\Windows\SYSTEM32\ntdll.dll
0x00007ffc878d0000 - 0x00007ffc87983000 	C:\Windows\System32\KERNEL32.DLL
0x00007ffc86950000 - 0x00007ffc86bee000 	C:\Windows\System32\KERNELBASE.dll
0x00007ffc88680000 - 0x00007ffc88729000 	C:\Windows\System32\ADVAPI32.dll
0x00007ffc87990000 - 0x00007ffc87a2e000 	C:\Windows\System32\msvcrt.dll
0x00007ffc8a310000 - 0x00007ffc8a3b2000 	C:\Windows\System32\sechost.dll
0x00007ffc8a3c0000 - 0x00007ffc8a4db000 	C:\Windows\System32\RPCRT4.dll
0x00007ffc86920000 - 0x00007ffc86946000 	C:\Windows\System32\bcrypt.dll
0x00007ffc88730000 - 0x00007ffc888c7000 	C:\Windows\System32\USER32.dll
0x00007ffc86f30000 - 0x00007ffc86f50000 	C:\Windows\System32\win32u.dll
0x00007ffc88430000 - 0x00007ffc88459000 	C:\Windows\System32\GDI32.dll
0x00007ffc86d80000 - 0x00007ffc86f2c000 	C:\Windows\System32\gdi32full.dll
0x00007ffc86560000 - 0x00007ffc86600000 	C:\Windows\System32\msvcp_win.dll
0x00007ffc86c60000 - 0x00007ffc86d5a000 	C:\Windows\System32\ucrtbase.dll
0x00007ffc775b0000 - 0x00007ffc77829000 	C:\Windows\WinSxS\amd64_microsoft.windows.common-controls_6595b64144ccf1df_6.0.17763.7792_none_de76c1ec534645e5\COMCTL32.dll
0x00007ffc87f70000 - 0x00007ffc8829a000 	C:\Windows\System32\combase.dll
0x00007ffc876a0000 - 0x00007ffc87722000 	C:\Windows\System32\bcryptPrimitives.dll
0x00007ffc88610000 - 0x00007ffc8863e000 	C:\Windows\System32\IMM32.DLL
0x00007ffc4aa80000 - 0x00007ffc4aa9b000 	C:\Program Files\Java\jre1.8.0_461\bin\vcruntime140.dll
0x00007ffc69800000 - 0x00007ffc6980c000 	C:\Program Files\Java\jre1.8.0_461\bin\vcruntime140_1.dll
0x00007ffc39380000 - 0x00007ffc3940e000 	C:\Program Files\Java\jre1.8.0_461\bin\msvcp140.dll
0x00007ffc222c0000 - 0x00007ffc22b6a000 	C:\Program Files\Java\jre1.8.0_461\bin\server\jvm.dll
0x00007ffc87730000 - 0x00007ffc87738000 	C:\Windows\System32\PSAPI.DLL
0x00007ffc71390000 - 0x00007ffc71399000 	C:\Windows\SYSTEM32\WSOCK32.dll
0x00007ffc81d20000 - 0x00007ffc81d2a000 	C:\Windows\SYSTEM32\VERSION.dll
0x00007ffc8a170000 - 0x00007ffc8a1dd000 	C:\Windows\System32\WS2_32.dll
0x00007ffc83500000 - 0x00007ffc83524000 	C:\Windows\SYSTEM32\WINMM.dll
0x00007ffc834d0000 - 0x00007ffc834fd000 	C:\Windows\SYSTEM32\winmmbase.dll
0x00007ffc86600000 - 0x00007ffc8664a000 	C:\Windows\System32\cfgmgr32.dll
0x00007ffc86490000 - 0x00007ffc864a1000 	C:\Windows\System32\kernel.appcore.dll
0x00007ffc69250000 - 0x00007ffc69260000 	C:\Program Files\Java\jre1.8.0_461\bin\verify.dll
0x00007ffc3ab20000 - 0x00007ffc3ab4b000 	C:\Program Files\Java\jre1.8.0_461\bin\java.dll
0x00007ffc53b30000 - 0x00007ffc53b67000 	C:\Program Files\Java\jre1.8.0_461\bin\instrument.dll
0x00007ffc437a0000 - 0x00007ffc437b8000 	C:\Program Files\Java\jre1.8.0_461\bin\zip.dll
0x00007ffc88c70000 - 0x00007ffc8a168000 	C:\Windows\System32\SHELL32.dll
0x00007ffc8a260000 - 0x00007ffc8a307000 	C:\Windows\System32\shcore.dll
0x00007ffc86f50000 - 0x00007ffc87698000 	C:\Windows\System32\windows.storage.dll
0x00007ffc86530000 - 0x00007ffc86553000 	C:\Windows\System32\profapi.dll
0x00007ffc864d0000 - 0x00007ffc8652d000 	C:\Windows\System32\powrprof.dll
0x00007ffc87a90000 - 0x00007ffc87ae7000 	C:\Windows\System32\shlwapi.dll
0x00007ffc86d60000 - 0x00007ffc86d7b000 	C:\Windows\System32\cryptsp.dll
0x00007ffc40960000 - 0x00007ffc4097c000 	C:\Program Files\Java\jre1.8.0_461\bin\net.dll
0x00007ffc85c70000 - 0x00007ffc85cd7000 	C:\Windows\system32\mswsock.dll
0x00007ffc408f0000 - 0x00007ffc40903000 	C:\Program Files\Java\jre1.8.0_461\bin\nio.dll
0x00007ffc6fd10000 - 0x00007ffc6fd37000 	D:\GradleHome\native\1def1411415f61bf3af743bc5b6707747c0891f09f0c88961ee8f79bc544acac\windows-amd64\native-platform.dll
0x00007ffc6d360000 - 0x00007ffc6d3d8000 	D:\GradleHome\native\0.2.7\x86_64-windows-gnu\gradle-fileevents.dll
0x00007ffc53af0000 - 0x00007ffc53afd000 	C:\Program Files\Java\jre1.8.0_461\bin\management.dll
0x00007ffc85960000 - 0x00007ffc8599d000 	C:\Windows\SYSTEM32\IPHLPAPI.DLL
0x00007ffc88640000 - 0x00007ffc88648000 	C:\Windows\System32\NSI.dll
0x00007ffc7d6a0000 - 0x00007ffc7d6b6000 	C:\Windows\SYSTEM32\dhcpcsvc6.DLL
0x00007ffc7d670000 - 0x00007ffc7d68c000 	C:\Windows\SYSTEM32\dhcpcsvc.DLL
0x00007ffc859a0000 - 0x00007ffc85a66000 	C:\Windows\SYSTEM32\DNSAPI.dll
0x00007ffc85790000 - 0x00007ffc857c3000 	C:\Windows\system32\rsaenh.dll
0x00007ffc86390000 - 0x00007ffc863b9000 	C:\Windows\SYSTEM32\USERENV.dll
0x00007ffc85e40000 - 0x00007ffc85e4c000 	C:\Windows\SYSTEM32\CRYPTBASE.dll

VM Arguments:
jvm_args: -XX:MaxMetaspaceSize=384m -XX:ReservedCodeCacheSize=96m -XX:+UseParallelGC -Xmx1G -Dfile.encoding=UTF-8 -Duser.country=CN -Duser.language=zh -Duser.variant -javaagent:D:\GradleHome\wrapper\dists\gradle-8.14.5-all\1iboiteofonv8taraljb5q1u0\gradle-8.14.5\lib\agents\gradle-instrumentation-agent-8.14.5.jar 
java_command: org.gradle.launcher.daemon.bootstrap.GradleDaemon 8.14.5
java_class_path (initial): D:\GradleHome\wrapper\dists\gradle-8.14.5-all\1iboiteofonv8taraljb5q1u0\gradle-8.14.5\lib\gradle-daemon-main-8.14.5.jar;D:\GradleHome\wrapper\dists\gradle-8.14.5-all\1iboiteofonv8taraljb5q1u0\gradle-8.14.5\lib\agents\gradle-instrumentation-agent-8.14.5.jar
Launcher Type: SUN_STANDARD

Environment Variables:
USERNAME=Administrator
OS=Windows_NT
PROCESSOR_IDENTIFIER=Intel64 Family 6 Model 106 Stepping 6, GenuineIntel



---------------  S Y S T E M  ---------------

OS: Windows 10 , 64 bit Build 17763 (10.0.17763.7009)

CPU:total 8 (initial active 8) (4 cores per cpu, 2 threads per core) family 6 model 106 stepping 6, cmov, cx8, fxsr, mmx, sse, sse2, sse3, ssse3, sse4.1, sse4.2, popcnt, avx, avx2, aes, clmul, erms, rtm, 3dnowpref, lzcnt, ht, tsc, bmi1, bmi2, adx

Memory: 4k page, physical 16776308k(1553600k free), swap 19650804k(4104k free)

vm_info: Java HotSpot(TM) 64-Bit Server VM (25.461-b11) for windows-amd64 JRE (1.8.0_461-b11), built on Jun 27 2025 10:22:42 by "java_re" with MS VC++ 17.6 (VS2022)

time: Sat Jun 20 17:21:35 2026
timezone: ÖĐąú±ę×ĽĘ±Ľä
elapsed time: 1.808843 seconds (0d 0h 0m 1s)

